Mono path[0] = '/Users/vraiuk/WebstormProjects/drift-together/Builds/macOS/DriftTogether.app/Contents/Resources/Data/Managed'
Mono config path = '/Users/vraiuk/WebstormProjects/drift-together/Builds/macOS/DriftTogether.app/Contents/MonoBleedingEdge/etc'
Input System module state changed to: Initialized.
[Physics::Module] Initialized fallback backend.
[Physics::Module] Id: 0xdecafbad
Initialize engine version: 6000.3.20f1 (c9ba695d4f07)
[Subsystems] Discovering subsystems at path /Users/vraiuk/WebstormProjects/drift-together/Builds/macOS/DriftTogether.app/Contents/Resources/Data/UnitySubsystems
GfxDevice: creating device client; kGfxThreadingModeThreaded
 preferred device: Apple M3 Max (high power)
Metal devices available: 1
0: Apple M3 Max (high power)
Using device Apple M3 Max (high power)
Initializing Metal device caps: Apple M3 Max
Mac GPU Family: 2
Apple GPU Family: 9
MSL Version: 3.0
Has Float MSAA: 1
Has Float Filtering: 1
ReadWrite Texture Tier: 2
Begin MonoManager ReloadAssembly
- Loaded All Assemblies, in  0.169 seconds
- Finished resetting the current domain, in  0.002 seconds
[Physics::Module] Selected backend.
[Physics::Module] Name: PhysX
[Physics::Module] Id: 0xf2b8ea05
[Physics::Module] SDK Version: 4.1.2
[Physics::Module] Integration Version: 1.0.0
[Physics::Module] Threading Mode: Multi-Threaded
Metal RecreateSurface[0xa3b805b00]: surface size 3024x1898
UnloadTime: 0.604167 ms
Unloading 6 Unused Serialized files (Serialized files now loaded: 0)
UnloadTime: 3.260833 ms
NetworkVariable is written to, but doesn't know its NetworkBehaviour yet. Are you modifying a NetworkVariable before the NetworkObject is spawned?
NetworkVariable is written to, but doesn't know its NetworkBehaviour yet. Are you modifying a NetworkVariable before the NetworkObject is spawned?
NetworkVariable is written to, but doesn't know its NetworkBehaviour yet. Are you modifying a NetworkVariable before the NetworkObject is spawned?
NetworkVariable is written to, but doesn't know its NetworkBehaviour yet. Are you modifying a NetworkVariable before the NetworkObject is spawned?
NetworkVariable is written to, but doesn't know its NetworkBehaviour yet. Are you modifying a NetworkVariable before the NetworkObject is spawned?
Unloading 15 unused Assets to reduce memory usage. Loaded Objects now: 6444.
Total: 1.888000 ms (FindLiveObjects: 0.297250 ms CreateObjectMapping: 0.053375 ms MarkObjects: 1.505417 ms  DeleteObjects: 0.031875 ms)

[SmokeCoop] pos=(0.00, 0.00, 4.00) wp=0/111 hull=5 vel=0.0
[SmokeCoop] pos=(7.01, 0.04, 173.74) wp=31/111 hull=2 vel=5.6
[SmokeCoop] pos=(23.99, 0.09, 379.15) wp=59/111 hull=0 vel=2.8
[SmokeCoop] pos=(4.90, 0.06, 530.70) wp=79/111 hull=5 vel=0.0
[SmokeCoop] pos=(7.38, 0.04, 529.05) wp=79/111 hull=5 vel=3.3
[SmokeCoop] pos=(7.15, 0.05, 527.16) wp=79/111 hull=5 vel=4.2
[SmokeCoop] pos=(3.74, 0.09, 527.72) wp=80/111 hull=5 vel=3.8
[SmokeCoop] pos=(0.36, 0.13, 526.80) wp=80/111 hull=5 vel=1.2
[SmokeCoop] result written to /Users/vraiuk/Library/Application Support/DriftTogether/Drift Together/smoke_result.json: {
  "success": true,
  "mode": "coop",
  "elapsedGameSeconds": 580.9,
  "route": "NoisyStream",
  "raftCollisions": 7,
  "hullAtFinish": 3,
  "realSeconds": 116.2
}
Thread 0x17002b000 may have been prematurely finalized
[Physics::Module] Cleanup current backend.
[Physics::Module] Id: 0xf2b8ea05
Input System module state changed to: ShutdownInProgress.
Input System polling thread exited.
Input System module state changed to: Shutdown.
Thread 0x16e85b000 may have been prematurely finalized
Thread 0x16e8e7000 may have been prematurely finalized
Thread 0x16e7cf000 may have been prematurely finalized
Thread 0x16e973000 may have been prematurely finalized
Thread 0x16e9ff000 may have been prematurely finalized
