Mono path[0] = '/Users/vraiuk/WebstormProjects/drift-together/Builds/macOS/DriftTogether.app/Contents/Resources/Data/Managed'
Mono config path = '/Users/vraiuk/WebstormProjects/drift-together/Builds/macOS/DriftTogether.app/Contents/MonoBleedingEdge/etc'
Input System module state changed to: Initialized.
[Physics::Module] Initialized fallback backend.
[Physics::Module] Id: 0xdecafbad
Initialize engine version: 6000.3.20f1 (c9ba695d4f07)
[Subsystems] Discovering subsystems at path /Users/vraiuk/WebstormProjects/drift-together/Builds/macOS/DriftTogether.app/Contents/Resources/Data/UnitySubsystems
GfxDevice: creating device client; kGfxThreadingModeThreaded
 preferred device: Apple M3 Max (high power)
Metal devices available: 1
0: Apple M3 Max (high power)
Using device Apple M3 Max (high power)
Initializing Metal device caps: Apple M3 Max
Mac GPU Family: 2
Apple GPU Family: 9
MSL Version: 3.0
Has Float MSAA: 1
Has Float Filtering: 1
ReadWrite Texture Tier: 2
Begin MonoManager ReloadAssembly
- Loaded All Assemblies, in  0.155 seconds
- Finished resetting the current domain, in  0.002 seconds
[Physics::Module] Selected backend.
[Physics::Module] Name: PhysX
[Physics::Module] Id: 0xf2b8ea05
[Physics::Module] SDK Version: 4.1.2
[Physics::Module] Integration Version: 1.0.0
[Physics::Module] Threading Mode: Multi-Threaded
Metal RecreateSurface[0x70dc08600]: surface size 3024x1898
UnloadTime: 0.650250 ms
The referenced script on this Behaviour (Game Object 'Boar') is missing!
Unloading 6 Unused Serialized files (Serialized files now loaded: 0)
UnloadTime: 2.958416 ms
NetworkVariable is written to, but doesn't know its NetworkBehaviour yet. Are you modifying a NetworkVariable before the NetworkObject is spawned?
NetworkVariable is written to, but doesn't know its NetworkBehaviour yet. Are you modifying a NetworkVariable before the NetworkObject is spawned?
NetworkVariable is written to, but doesn't know its NetworkBehaviour yet. Are you modifying a NetworkVariable before the NetworkObject is spawned?
NetworkVariable is written to, but doesn't know its NetworkBehaviour yet. Are you modifying a NetworkVariable before the NetworkObject is spawned?
NetworkVariable is written to, but doesn't know its NetworkBehaviour yet. Are you modifying a NetworkVariable before the NetworkObject is spawned?
The referenced script on this Behaviour (Game Object '<null>') is missing!
The referenced script on this Behaviour (Game Object 'Boar') is missing!
The referenced script on this Behaviour (Game Object 'Boar') is missing!
NullReferenceException: Object reference not set to an instance of an object.
  at DriftTogether.Coop.CoopBootstrap.HostSpawnShoreLife () [0x00224] in <58de93d3075f4fe0803f660f4f8907e9>:0 
  at DriftTogether.Coop.CoopBootstrap.HostBegin () [0x001c7] in <58de93d3075f4fe0803f660f4f8907e9>:0 
  at DriftTogether.Coop.CoopBootstrap.Start () [0x000e6] in <58de93d3075f4fe0803f660f4f8907e9>:0 

Unloading 15 unused Assets to reduce memory usage. Loaded Objects now: 6431.
Total: 1.419208 ms (FindLiveObjects: 0.136333 ms CreateObjectMapping: 0.041958 ms MarkObjects: 1.223667 ms  DeleteObjects: 0.017167 ms)

