Mono path[0] = '/Users/vraiuk/WebstormProjects/drift-together/Builds/macOS/DriftTogether.app/Contents/Resources/Data/Managed'
Mono config path = '/Users/vraiuk/WebstormProjects/drift-together/Builds/macOS/DriftTogether.app/Contents/MonoBleedingEdge/etc'
Input System module state changed to: Initialized.
[Physics::Module] Initialized fallback backend.
[Physics::Module] Id: 0xdecafbad
Initialize engine version: 6000.3.20f1 (c9ba695d4f07)
[Subsystems] Discovering subsystems at path /Users/vraiuk/WebstormProjects/drift-together/Builds/macOS/DriftTogether.app/Contents/Resources/Data/UnitySubsystems
GfxDevice: creating device client; kGfxThreadingModeThreaded
 preferred device: Apple M3 Max (high power)
Metal devices available: 1
0: Apple M3 Max (high power)
Using device Apple M3 Max (high power)
Initializing Metal device caps: Apple M3 Max
Mac GPU Family: 2
Apple GPU Family: 9
MSL Version: 3.0
Has Float MSAA: 1
Has Float Filtering: 1
ReadWrite Texture Tier: 2
Begin MonoManager ReloadAssembly
- Loaded All Assemblies, in  0.099 seconds
- Finished resetting the current domain, in  0.001 seconds
[Physics::Module] Selected backend.
[Physics::Module] Name: PhysX
[Physics::Module] Id: 0xf2b8ea05
[Physics::Module] SDK Version: 4.1.2
[Physics::Module] Integration Version: 1.0.0
[Physics::Module] Threading Mode: Multi-Threaded
Metal RecreateSurface[0xa34c9cf00]: surface size 3024x1898
UnloadTime: 0.388708 ms
Unloading 5 Unused Serialized files (Serialized files now loaded: 0)
UnloadTime: 2.560542 ms
Unloading 3 unused Assets to reduce memory usage. Loaded Objects now: 2213.
Total: 1.271500 ms (FindLiveObjects: 0.044458 ms CreateObjectMapping: 0.021917 ms MarkObjects: 1.189792 ms  DeleteObjects: 0.015209 ms)

[Smoke] result written to /Users/vraiuk/Library/Application Support/DriftTogether/Drift Together/smoke_result.json: {
  "success": true,
  "elapsedGameSeconds": 327.3,
  "route": "NoisyStream",
  "mushrooms": 5,
  "collisions": 13,
  "respawns": 8,
  "realSeconds": 65.5
}
Thread 0x16d4d3000 may have been prematurely finalized
[Physics::Module] Cleanup current backend.
[Physics::Module] Id: 0xf2b8ea05
Input System module state changed to: ShutdownInProgress.
Input System polling thread exited.
Input System module state changed to: Shutdown.
Thread 0x16bf33000 may have been prematurely finalized
Thread 0x16be1b000 may have been prematurely finalized
Thread 0x16bd8f000 may have been prematurely finalized
Thread 0x16bea7000 may have been prematurely finalized
Thread 0x16bd03000 may have been prematurely finalized
