Mono path[0] = '/Users/vraiuk/WebstormProjects/drift-together/Builds/macOS/DriftTogether.app/Contents/Resources/Data/Managed'
Mono config path = '/Users/vraiuk/WebstormProjects/drift-together/Builds/macOS/DriftTogether.app/Contents/MonoBleedingEdge/etc'
Input System module state changed to: Initialized.
[Physics::Module] Initialized fallback backend.
[Physics::Module] Id: 0xdecafbad
Initialize engine version: 6000.3.20f1 (c9ba695d4f07)
[Subsystems] Discovering subsystems at path /Users/vraiuk/WebstormProjects/drift-together/Builds/macOS/DriftTogether.app/Contents/Resources/Data/UnitySubsystems
GfxDevice: creating device client; kGfxThreadingModeThreaded
 preferred device: Apple M3 Max (high power)
Metal devices available: 1
0: Apple M3 Max (high power)
Using device Apple M3 Max (high power)
Initializing Metal device caps: Apple M3 Max
Mac GPU Family: 2
Apple GPU Family: 9
MSL Version: 3.0
Has Float MSAA: 1
Has Float Filtering: 1
ReadWrite Texture Tier: 2
Begin MonoManager ReloadAssembly
- Loaded All Assemblies, in  0.158 seconds
- Finished resetting the current domain, in  0.002 seconds
[Physics::Module] Selected backend.
[Physics::Module] Name: PhysX
[Physics::Module] Id: 0xf2b8ea05
[Physics::Module] SDK Version: 4.1.2
[Physics::Module] Integration Version: 1.0.0
[Physics::Module] Threading Mode: Multi-Threaded
Metal RecreateSurface[0x9ab011740]: surface size 3024x1898
UnloadTime: 1.368875 ms
Unloading 6 Unused Serialized files (Serialized files now loaded: 0)
UnloadTime: 3.086958 ms
Unloading 7 unused Assets to reduce memory usage. Loaded Objects now: 6234.
Total: 1.412541 ms (FindLiveObjects: 0.140042 ms CreateObjectMapping: 0.035833 ms MarkObjects: 1.227000 ms  DeleteObjects: 0.009583 ms)

[SmokeCoop] pos=(0.00, 0.00, 4.00) wp=0/111 hull=5 vel=0.0
[SmokeCoop] pos=(3.82, 0.09, 210.05) wp=36/111 hull=3 vel=5.6
[SmokeCoop] pos=(19.04, 0.06, 389.87) wp=60/111 hull=0 vel=2.9
[SmokeCoop] pos=(4.29, 0.10, 530.70) wp=79/111 hull=5 vel=0.9
[SmokeCoop] pos=(3.43, 0.07, 531.02) wp=79/111 hull=5 vel=0.2
[SmokeCoop] pos=(9.71, 0.15, 525.47) wp=79/111 hull=5 vel=1.0
[SmokeCoop] pos=(9.49, 0.14, 527.62) wp=79/111 hull=5 vel=1.7
[SmokeCoop] pos=(4.00, 0.11, 530.75) wp=79/111 hull=5 vel=0.4
[SmokeCoop] pos=(3.67, 0.04, 530.89) wp=79/111 hull=5 vel=0.0
[SmokeCoop] pos=(4.80, 0.08, 530.28) wp=79/111 hull=5 vel=1.9
[SmokeCoop] pos=(2.09, 0.06, 526.60) wp=79/111 hull=5 vel=4.2
[SmokeCoop] pos=(5.97, 0.05, 527.67) wp=79/111 hull=5 vel=4.0
[SmokeCoop] pos=(6.79, 0.07, 527.04) wp=79/111 hull=5 vel=4.2
[SmokeCoop] pos=(4.71, 0.10, 526.84) wp=79/111 hull=5 vel=4.1
[SmokeCoop] pos=(8.69, 0.09, 526.51) wp=79/111 hull=5 vel=4.6
[SmokeCoop] pos=(7.25, 0.14, 526.66) wp=79/111 hull=5 vel=4.4
[SmokeCoop] pos=(6.87, 0.20, 529.28) wp=79/111 hull=5 vel=4.9
[SmokeCoop] pos=(7.23, 0.10, 530.70) wp=79/111 hull=5 vel=0.0
[SmokeCoop] pos=(3.05, 0.11, 531.37) wp=79/111 hull=5 vel=0.1
[SmokeCoop] result written to /Users/vraiuk/Library/Application Support/DriftTogether/Drift Together/smoke_result.json: {
  "success": true,
  "mode": "coop",
  "elapsedGameSeconds": 1401.9,
  "route": "NoisyStream",
  "raftCollisions": 7,
  "hullAtFinish": 3,
  "realSeconds": 281.9
}
Thread 0x16dea7000 may have been prematurely finalized
[Physics::Module] Cleanup current backend.
[Physics::Module] Id: 0xf2b8ea05
Input System module state changed to: ShutdownInProgress.
Input System polling thread exited.
Input System module state changed to: Shutdown.
Thread 0x16c6d7000 may have been prematurely finalized
Thread 0x16c763000 may have been prematurely finalized
Thread 0x16c64b000 may have been prematurely finalized
Thread 0x16c7ef000 may have been prematurely finalized
Thread 0x16c87b000 may have been prematurely finalized
