Mono path[0] = '/Users/vraiuk/WebstormProjects/drift-together/Builds/macOS/DriftTogether.app/Contents/Resources/Data/Managed'
Mono config path = '/Users/vraiuk/WebstormProjects/drift-together/Builds/macOS/DriftTogether.app/Contents/MonoBleedingEdge/etc'
Input System module state changed to: Initialized.
[Physics::Module] Initialized fallback backend.
[Physics::Module] Id: 0xdecafbad
Initialize engine version: 6000.3.20f1 (c9ba695d4f07)
[Subsystems] Discovering subsystems at path /Users/vraiuk/WebstormProjects/drift-together/Builds/macOS/DriftTogether.app/Contents/Resources/Data/UnitySubsystems
GfxDevice: creating device client; kGfxThreadingModeThreaded
 preferred device: Apple M3 Max (high power)
Metal devices available: 1
0: Apple M3 Max (high power)
Using device Apple M3 Max (high power)
Initializing Metal device caps: Apple M3 Max
Mac GPU Family: 2
Apple GPU Family: 9
MSL Version: 3.0
Has Float MSAA: 1
Has Float Filtering: 1
ReadWrite Texture Tier: 2
Begin MonoManager ReloadAssembly
- Loaded All Assemblies, in  0.147 seconds
- Finished resetting the current domain, in  0.002 seconds
[Physics::Module] Selected backend.
[Physics::Module] Name: PhysX
[Physics::Module] Id: 0xf2b8ea05
[Physics::Module] SDK Version: 4.1.2
[Physics::Module] Integration Version: 1.0.0
[Physics::Module] Threading Mode: Multi-Threaded
Metal RecreateSurface[0xa32988e40]: surface size 3024x1898
UnloadTime: 0.731291 ms
Unloading 6 Unused Serialized files (Serialized files now loaded: 0)
UnloadTime: 3.248084 ms
Unloading 7 unused Assets to reduce memory usage. Loaded Objects now: 6220.
Total: 1.602458 ms (FindLiveObjects: 0.167000 ms CreateObjectMapping: 0.045208 ms MarkObjects: 1.377750 ms  DeleteObjects: 0.012458 ms)

[SmokeCoop] pos=(0.00, 0.00, 4.00) wp=0/111 hull=5 vel=0.0
[SmokeCoop] pos=(3.90, 0.18, 207.59) wp=36/111 hull=4 vel=5.6
[SmokeCoop] pos=(24.08, 0.09, 379.35) wp=59/111 hull=0 vel=2.8
[SmokeCoop] pos=(4.96, 0.06, 530.70) wp=79/111 hull=5 vel=0.0
[SmokeCoop] pos=(5.09, 0.03, 530.70) wp=79/111 hull=5 vel=0.0
[SmokeCoop] pos=(0.29, 0.06, 527.37) wp=79/111 hull=5 vel=0.5
[SmokeCoop] pos=(3.89, 0.11, 527.89) wp=79/111 hull=5 vel=3.8
[SmokeCoop] pos=(5.01, 0.06, 526.89) wp=79/111 hull=5 vel=5.1
[SmokeCoop] pos=(5.95, 0.13, 530.37) wp=79/111 hull=5 vel=4.4
[SmokeCoop] pos=(6.68, 0.14, 530.70) wp=79/111 hull=5 vel=0.0
[SmokeCoop] pos=(7.00, 0.12, 530.70) wp=79/111 hull=5 vel=0.0
[SmokeCoop] pos=(4.71, 0.03, 530.65) wp=79/111 hull=5 vel=2.0
[SmokeCoop] pos=(4.42, 0.12, 530.70) wp=80/111 hull=5 vel=0.3
[SmokeCoop] pos=(0.00, 0.04, 750.70) wp=110/111 hull=2 vel=5.6
[SmokeCoop] result written to /Users/vraiuk/Library/Application Support/DriftTogether/Drift Together/smoke_result.json: {
  "success": true,
  "mode": "coop",
  "elapsedGameSeconds": 975.4,
  "route": "NoisyStream",
  "raftCollisions": 8,
  "hullAtFinish": 2,
  "realSeconds": 195.1
}
Thread 0x16f90f000 may have been prematurely finalized
[Physics::Module] Cleanup current backend.
[Physics::Module] Id: 0xf2b8ea05
Input System module state changed to: ShutdownInProgress.
Input System polling thread exited.
Input System module state changed to: Shutdown.
Thread 0x16e0b3000 may have been prematurely finalized
Thread 0x16e13f000 may have been prematurely finalized
Thread 0x16e257000 may have been prematurely finalized
Thread 0x16e1cb000 may have been prematurely finalized
