Mono path[0] = '/Users/vraiuk/WebstormProjects/drift-together/Builds/macOS/DriftTogether.app/Contents/Resources/Data/Managed'
Mono config path = '/Users/vraiuk/WebstormProjects/drift-together/Builds/macOS/DriftTogether.app/Contents/MonoBleedingEdge/etc'
Input System module state changed to: Initialized.
[Physics::Module] Initialized fallback backend.
[Physics::Module] Id: 0xdecafbad
Initialize engine version: 6000.3.20f1 (c9ba695d4f07)
[Subsystems] Discovering subsystems at path /Users/vraiuk/WebstormProjects/drift-together/Builds/macOS/DriftTogether.app/Contents/Resources/Data/UnitySubsystems
GfxDevice: creating device client; kGfxThreadingModeThreaded
 preferred device: Apple M3 Max (high power)
Metal devices available: 1
0: Apple M3 Max (high power)
Using device Apple M3 Max (high power)
Initializing Metal device caps: Apple M3 Max
Mac GPU Family: 2
Apple GPU Family: 9
MSL Version: 3.0
Has Float MSAA: 1
Has Float Filtering: 1
ReadWrite Texture Tier: 2
Begin MonoManager ReloadAssembly
- Loaded All Assemblies, in  0.152 seconds
- Finished resetting the current domain, in  0.002 seconds
[Physics::Module] Selected backend.
[Physics::Module] Name: PhysX
[Physics::Module] Id: 0xf2b8ea05
[Physics::Module] SDK Version: 4.1.2
[Physics::Module] Integration Version: 1.0.0
[Physics::Module] Threading Mode: Multi-Threaded
Metal RecreateSurface[0x738d22f40]: surface size 3024x1898
UnloadTime: 0.854125 ms
Unloading 6 Unused Serialized files (Serialized files now loaded: 0)
UnloadTime: 3.469667 ms
NetworkVariable is written to, but doesn't know its NetworkBehaviour yet. Are you modifying a NetworkVariable before the NetworkObject is spawned?
NetworkVariable is written to, but doesn't know its NetworkBehaviour yet. Are you modifying a NetworkVariable before the NetworkObject is spawned?
NetworkVariable is written to, but doesn't know its NetworkBehaviour yet. Are you modifying a NetworkVariable before the NetworkObject is spawned?
NetworkVariable is written to, but doesn't know its NetworkBehaviour yet. Are you modifying a NetworkVariable before the NetworkObject is spawned?
NetworkVariable is written to, but doesn't know its NetworkBehaviour yet. Are you modifying a NetworkVariable before the NetworkObject is spawned?
[SmokeCoop] pos=(0.00, 0.00, 4.00) wp=0/111 hull=5 vel=0.0
Unloading 15 unused Assets to reduce memory usage. Loaded Objects now: 6481.
Total: 1.351000 ms (FindLiveObjects: 0.137041 ms CreateObjectMapping: 0.045042 ms MarkObjects: 1.153291 ms  DeleteObjects: 0.015500 ms)

[SmokeCoop] pos=(6.41, 0.06, 171.01) wp=30/111 hull=3 vel=5.6
[SmokeCoop] pos=(24.72, 0.13, 378.07) wp=58/111 hull=0 vel=2.9
[SmokeCoop] pos=(2.80, 0.10, 526.82) wp=79/111 hull=5 vel=4.2
[SmokeCoop] pos=(1.69, 0.13, 526.56) wp=79/111 hull=5 vel=4.5
[SmokeCoop] pos=(11.05, 0.06, 527.22) wp=79/111 hull=5 vel=4.5
[SmokeCoop] pos=(2.15, 0.07, 635.06) wp=94/111 hull=4 vel=0.8
[SmokeCoop] result written to /Users/vraiuk/Library/Application Support/DriftTogether/Drift Together/smoke_result.json: {
  "success": true,
  "mode": "coop",
  "elapsedGameSeconds": 473.4,
  "route": "NoisyStream",
  "raftCollisions": 7,
  "hullAtFinish": 3,
  "realSeconds": 94.7
}
Thread 0x16dac3000 may have been prematurely finalized
[Physics::Module] Cleanup current backend.
[Physics::Module] Id: 0xf2b8ea05
Input System module state changed to: ShutdownInProgress.
Input System polling thread exited.
Input System module state changed to: Shutdown.
Thread 0x16c267000 may have been prematurely finalized
Thread 0x16c37f000 may have been prematurely finalized
Thread 0x16c2f3000 may have been prematurely finalized
Thread 0x16c1db000 may have been prematurely finalized
