Mono path[0] = '/Users/vraiuk/WebstormProjects/drift-together/Builds/macOS/DriftTogether.app/Contents/Resources/Data/Managed'
Mono config path = '/Users/vraiuk/WebstormProjects/drift-together/Builds/macOS/DriftTogether.app/Contents/MonoBleedingEdge/etc'
Input System module state changed to: Initialized.
[Physics::Module] Initialized fallback backend.
[Physics::Module] Id: 0xdecafbad
Initialize engine version: 6000.3.20f1 (c9ba695d4f07)
[Subsystems] Discovering subsystems at path /Users/vraiuk/WebstormProjects/drift-together/Builds/macOS/DriftTogether.app/Contents/Resources/Data/UnitySubsystems
GfxDevice: creating device client; kGfxThreadingModeThreaded
 preferred device: Apple M3 Max (high power)
Metal devices available: 1
0: Apple M3 Max (high power)
Using device Apple M3 Max (high power)
Initializing Metal device caps: Apple M3 Max
Mac GPU Family: 2
Apple GPU Family: 9
MSL Version: 3.0
Has Float MSAA: 1
Has Float Filtering: 1
ReadWrite Texture Tier: 2
Begin MonoManager ReloadAssembly
- Loaded All Assemblies, in  0.156 seconds
- Finished resetting the current domain, in  0.002 seconds
[Physics::Module] Selected backend.
[Physics::Module] Name: PhysX
[Physics::Module] Id: 0xf2b8ea05
[Physics::Module] SDK Version: 4.1.2
[Physics::Module] Integration Version: 1.0.0
[Physics::Module] Threading Mode: Multi-Threaded
Metal RecreateSurface[0x87911b840]: surface size 3024x1898
UnloadTime: 0.717959 ms
Unloading 6 Unused Serialized files (Serialized files now loaded: 0)
UnloadTime: 2.899291 ms
NetworkVariable is written to, but doesn't know its NetworkBehaviour yet. Are you modifying a NetworkVariable before the NetworkObject is spawned?
NetworkVariable is written to, but doesn't know its NetworkBehaviour yet. Are you modifying a NetworkVariable before the NetworkObject is spawned?
NetworkVariable is written to, but doesn't know its NetworkBehaviour yet. Are you modifying a NetworkVariable before the NetworkObject is spawned?
NetworkVariable is written to, but doesn't know its NetworkBehaviour yet. Are you modifying a NetworkVariable before the NetworkObject is spawned?
NetworkVariable is written to, but doesn't know its NetworkBehaviour yet. Are you modifying a NetworkVariable before the NetworkObject is spawned?
[SmokeCoop] pos=(0.00, 0.01, 4.00) wp=0/138 hull=5 vel=0.0
Unloading 15 unused Assets to reduce memory usage. Loaded Objects now: 7154.
Total: 1.393667 ms (FindLiveObjects: 0.134583 ms CreateObjectMapping: 0.038125 ms MarkObjects: 1.205334 ms  DeleteObjects: 0.015583 ms)

[SmokeCoop] pos=(5.80, 0.20, 168.68) wp=30/138 hull=2 vel=5.6
[SmokeCoop] pos=(24.06, 0.08, 381.18) wp=59/138 hull=0 vel=0.3
[SmokeCoop] pos=(3.58, 0.20, 530.91) wp=79/138 hull=5 vel=0.4
[SmokeCoop] pos=(4.81, 0.18, 530.70) wp=80/138 hull=5 vel=0.0
[SmokeCoop] pos=(3.73, 0.11, 530.85) wp=80/138 hull=5 vel=0.0
[SmokeCoop] pos=(3.77, 0.18, 529.75) wp=80/138 hull=5 vel=2.8
[SmokeCoop] pos=(1.52, 0.14, 721.79) wp=107/138 hull=3 vel=5.6
[SmokeCoop] pos=(0.00, 0.12, 924.35) wp=136/138 hull=1 vel=5.6
[SmokeCoop] result written to /Users/vraiuk/Library/Application Support/DriftTogether/Drift Together/smoke_result.json: {
  "success": true,
  "mode": "coop",
  "elapsedGameSeconds": 559.3,
  "route": "NoisyStream",
  "raftCollisions": 7,
  "hullAtFinish": 1,
  "realSeconds": 122.6
}
Thread 0x16f46f000 may have been prematurely finalized
[Physics::Module] Cleanup current backend.
[Physics::Module] Id: 0xf2b8ea05
Input System module state changed to: ShutdownInProgress.
Input System polling thread exited.
Input System module state changed to: Shutdown.
Thread 0x16dc13000 may have been prematurely finalized
Thread 0x16dc9f000 may have been prematurely finalized
Thread 0x16dd2b000 may have been prematurely finalized
Thread 0x16ddb7000 may have been prematurely finalized
Thread 0x16de43000 may have been prematurely finalized
