Mono path[0] = '/Users/vraiuk/WebstormProjects/drift-together/Builds/macOS/DriftTogether.app/Contents/Resources/Data/Managed'
Mono config path = '/Users/vraiuk/WebstormProjects/drift-together/Builds/macOS/DriftTogether.app/Contents/MonoBleedingEdge/etc'
Input System module state changed to: Initialized.
[Physics::Module] Initialized fallback backend.
[Physics::Module] Id: 0xdecafbad
Initialize engine version: 6000.3.20f1 (c9ba695d4f07)
[Subsystems] Discovering subsystems at path /Users/vraiuk/WebstormProjects/drift-together/Builds/macOS/DriftTogether.app/Contents/Resources/Data/UnitySubsystems
GfxDevice: creating device client; kGfxThreadingModeThreaded
 preferred device: Apple M3 Max (high power)
Metal devices available: 1
0: Apple M3 Max (high power)
Using device Apple M3 Max (high power)
Initializing Metal device caps: Apple M3 Max
Mac GPU Family: 2
Apple GPU Family: 9
MSL Version: 3.0
Has Float MSAA: 1
Has Float Filtering: 1
ReadWrite Texture Tier: 2
Begin MonoManager ReloadAssembly
- Loaded All Assemblies, in  0.151 seconds
- Finished resetting the current domain, in  0.002 seconds
[Physics::Module] Selected backend.
[Physics::Module] Name: PhysX
[Physics::Module] Id: 0xf2b8ea05
[Physics::Module] SDK Version: 4.1.2
[Physics::Module] Integration Version: 1.0.0
[Physics::Module] Threading Mode: Multi-Threaded
Metal RecreateSurface[0xb464ecc00]: surface size 3024x1898
UnloadTime: 0.697125 ms
Unloading 6 Unused Serialized files (Serialized files now loaded: 0)
UnloadTime: 2.850541 ms
Unloading 7 unused Assets to reduce memory usage. Loaded Objects now: 6213.
Total: 1.260208 ms (FindLiveObjects: 0.134750 ms CreateObjectMapping: 0.035000 ms MarkObjects: 1.078875 ms  DeleteObjects: 0.011458 ms)

[SmokeCoop] pos=(0.00, 0.00, 4.00) wp=0/111 hull=5 vel=0.0
[SmokeCoop] pos=(4.34, 0.11, 203.44) wp=35/111 hull=3 vel=5.6
[SmokeCoop] pos=(10.19, 0.19, 436.30) wp=67/111 hull=0 vel=2.9
[SmokeCoop] pos=(4.45, 0.20, 530.66) wp=79/111 hull=5 vel=2.1
[SmokeCoop] pos=(3.95, 0.14, 544.39) wp=81/111 hull=5 vel=5.6
[SmokeCoop] result written to /Users/vraiuk/Library/Application Support/DriftTogether/Drift Together/smoke_result.json: {
  "success": true,
  "mode": "coop",
  "elapsedGameSeconds": 344.4,
  "route": "NoisyStream",
  "raftCollisions": 8,
  "hullAtFinish": 2,
  "realSeconds": 69.6
}
Thread 0x16f93f000 may have been prematurely finalized
[Physics::Module] Cleanup current backend.
[Physics::Module] Id: 0xf2b8ea05
Input System module state changed to: ShutdownInProgress.
Input System polling thread exited.
Input System module state changed to: Shutdown.
Thread 0x16e39f000 may have been prematurely finalized
Thread 0x16e1fb000 may have been prematurely finalized
Thread 0x16e42b000 may have been prematurely finalized
Thread 0x16e313000 may have been prematurely finalized
Thread 0x16e287000 may have been prematurely finalized
