Mono path[0] = '/Users/vraiuk/WebstormProjects/drift-together/Builds/macOS/DriftTogether.app/Contents/Resources/Data/Managed'
Mono config path = '/Users/vraiuk/WebstormProjects/drift-together/Builds/macOS/DriftTogether.app/Contents/MonoBleedingEdge/etc'
Input System module state changed to: Initialized.
[Physics::Module] Initialized fallback backend.
[Physics::Module] Id: 0xdecafbad
Initialize engine version: 6000.3.20f1 (c9ba695d4f07)
[Subsystems] Discovering subsystems at path /Users/vraiuk/WebstormProjects/drift-together/Builds/macOS/DriftTogether.app/Contents/Resources/Data/UnitySubsystems
GfxDevice: creating device client; kGfxThreadingModeThreaded
 preferred device: Apple M3 Max (high power)
Metal devices available: 1
0: Apple M3 Max (high power)
Using device Apple M3 Max (high power)
Initializing Metal device caps: Apple M3 Max
Mac GPU Family: 2
Apple GPU Family: 9
MSL Version: 3.0
Has Float MSAA: 1
Has Float Filtering: 1
ReadWrite Texture Tier: 2
Begin MonoManager ReloadAssembly
- Loaded All Assemblies, in  0.148 seconds
- Finished resetting the current domain, in  0.002 seconds
[Physics::Module] Selected backend.
[Physics::Module] Name: PhysX
[Physics::Module] Id: 0xf2b8ea05
[Physics::Module] SDK Version: 4.1.2
[Physics::Module] Integration Version: 1.0.0
[Physics::Module] Threading Mode: Multi-Threaded
Metal RecreateSurface[0x75a658b40]: surface size 3024x1898
UnloadTime: 0.687583 ms
Unloading 6 Unused Serialized files (Serialized files now loaded: 0)
UnloadTime: 3.462167 ms
[SmokeCoop] pos=(0.00, 0.00, 4.00) wp=0/111 hull=5 vel=0.0
Unloading 7 unused Assets to reduce memory usage. Loaded Objects now: 6235.
Total: 1.637500 ms (FindLiveObjects: 0.227000 ms CreateObjectMapping: 0.043250 ms MarkObjects: 1.348458 ms  DeleteObjects: 0.018750 ms)

[SmokeCoop] pos=(-4.32, 0.06, 119.07) wp=23/111 hull=3 vel=0.0
[SmokeCoop] pos=(19.92, 0.13, 318.18) wp=49/111 hull=0 vel=2.9
[SmokeCoop] pos=(11.55, 0.10, 430.66) wp=66/111 hull=0 vel=0.6
[SmokeCoop] pos=(4.62, 0.09, 519.95) wp=77/111 hull=0 vel=2.9
[SmokeCoop] pos=(1.38, 0.09, 526.11) wp=79/111 hull=5 vel=1.9
[SmokeCoop] pos=(5.38, 0.09, 527.32) wp=79/111 hull=5 vel=4.9
[SmokeCoop] pos=(4.82, 0.13, 530.70) wp=80/111 hull=5 vel=0.0
[SmokeCoop] pos=(5.65, 0.14, 530.70) wp=80/111 hull=5 vel=0.0
[SmokeCoop] pos=(0.22, 0.06, 545.79) wp=81/111 hull=4 vel=0.0
[SmokeCoop] pos=(0.22, 0.07, 545.79) wp=81/111 hull=4 vel=0.0
[SmokeCoop] pos=(0.22, 0.11, 545.79) wp=81/111 hull=4 vel=0.0
[SmokeCoop] pos=(0.22, 0.09, 545.79) wp=81/111 hull=4 vel=0.0
[SmokeCoop] pos=(0.22, 0.11, 545.79) wp=81/111 hull=4 vel=0.0
[SmokeCoop] pos=(0.22, 0.21, 545.79) wp=81/111 hull=4 vel=0.0
[SmokeCoop] pos=(0.22, 0.18, 545.79) wp=81/111 hull=4 vel=0.0
[SmokeCoop] pos=(0.22, 0.08, 545.79) wp=81/111 hull=4 vel=0.0
[SmokeCoop] pos=(0.22, 0.08, 545.79) wp=81/111 hull=4 vel=0.0
[SmokeCoop] pos=(0.22, 0.11, 545.79) wp=81/111 hull=4 vel=0.0
[SmokeCoop] pos=(0.22, 0.07, 545.79) wp=81/111 hull=4 vel=0.0
[SmokeCoop] pos=(0.22, 0.09, 545.79) wp=81/111 hull=4 vel=0.0
[SmokeCoop] pos=(0.22, 0.19, 545.79) wp=81/111 hull=4 vel=0.0
[SmokeCoop] pos=(0.22, 0.20, 545.79) wp=81/111 hull=4 vel=0.0
[SmokeCoop] pos=(0.22, 0.11, 545.79) wp=81/111 hull=4 vel=0.0
[SmokeCoop] pos=(0.22, 0.10, 545.79) wp=81/111 hull=4 vel=0.0
[SmokeCoop] pos=(0.22, 0.11, 545.79) wp=81/111 hull=4 vel=0.0
[SmokeCoop] pos=(0.22, 0.06, 545.79) wp=81/111 hull=4 vel=0.0
[SmokeCoop] pos=(0.22, 0.07, 545.79) wp=81/111 hull=4 vel=0.0
[SmokeCoop] pos=(0.22, 0.18, 545.79) wp=81/111 hull=4 vel=0.0
[SmokeCoop] pos=(0.22, 0.20, 545.79) wp=81/111 hull=4 vel=0.0
[SmokeCoop] pos=(0.22, 0.12, 545.79) wp=81/111 hull=4 vel=0.0
[SmokeCoop] pos=(0.22, 0.12, 545.79) wp=81/111 hull=4 vel=0.0
[SmokeCoop] pos=(0.22, 0.13, 545.79) wp=81/111 hull=4 vel=0.0
[SmokeCoop] pos=(0.22, 0.05, 545.79) wp=81/111 hull=4 vel=0.0
[SmokeCoop] pos=(0.22, 0.05, 545.79) wp=81/111 hull=4 vel=0.0
[SmokeCoop] pos=(0.22, 0.09, 545.79) wp=81/111 hull=4 vel=0.0
[SmokeCoop] pos=(0.22, 0.03, 545.79) wp=81/111 hull=4 vel=0.0
[SmokeCoop] pos=(0.22, 0.12, 545.79) wp=81/111 hull=4 vel=0.0
[SmokeCoop] pos=(0.22, 0.07, 545.79) wp=81/111 hull=4 vel=0.0
[SmokeCoop] pos=(0.22, 0.11, 545.79) wp=81/111 hull=4 vel=0.0
[SmokeCoop] pos=(0.22, 0.18, 545.79) wp=81/111 hull=4 vel=0.0
[SmokeCoop] pos=(0.22, 0.12, 545.79) wp=81/111 hull=4 vel=0.0
[SmokeCoop] pos=(0.22, 0.19, 545.79) wp=81/111 hull=4 vel=0.0
[SmokeCoop] pos=(0.22, 0.19, 545.79) wp=81/111 hull=4 vel=0.0
[SmokeCoop] pos=(0.22, 0.14, 545.79) wp=81/111 hull=4 vel=0.0
[SmokeCoop] pos=(0.22, 0.21, 545.79) wp=81/111 hull=4 vel=0.0
[SmokeCoop] pos=(0.22, 0.12, 545.79) wp=81/111 hull=4 vel=0.0
[SmokeCoop] pos=(0.22, 0.19, 545.79) wp=81/111 hull=4 vel=0.0
[SmokeCoop] result written to /Users/vraiuk/Library/Application Support/DriftTogether/Drift Together/smoke_result.json: {
  "success": false,
  "mode": "coop",
  "elapsedGameSeconds": 3587.9,
  "route": "NoisyStream",
  "raftCollisions": 2,
  "hullAtFinish": 0,
  "realSeconds": 720.0
}
Thread 0x170227000 may have been prematurely finalized
[Physics::Module] Cleanup current backend.
[Physics::Module] Id: 0xf2b8ea05
Input System module state changed to: ShutdownInProgress.
Input System polling thread exited.
Input System module state changed to: Shutdown.
Thread 0x16ea57000 may have been prematurely finalized
Thread 0x16e9cb000 may have been prematurely finalized
Thread 0x16eae3000 may have been prematurely finalized
Thread 0x16eb6f000 may have been prematurely finalized
Thread 0x16ebfb000 may have been prematurely finalized
