Mono path[0] = '/Users/vraiuk/WebstormProjects/drift-together/Builds/macOS/DriftTogether.app/Contents/Resources/Data/Managed'
Mono config path = '/Users/vraiuk/WebstormProjects/drift-together/Builds/macOS/DriftTogether.app/Contents/MonoBleedingEdge/etc'
Input System module state changed to: Initialized.
[Physics::Module] Initialized fallback backend.
[Physics::Module] Id: 0xdecafbad
Initialize engine version: 6000.3.20f1 (c9ba695d4f07)
[Subsystems] Discovering subsystems at path /Users/vraiuk/WebstormProjects/drift-together/Builds/macOS/DriftTogether.app/Contents/Resources/Data/UnitySubsystems
GfxDevice: creating device client; kGfxThreadingModeThreaded
 preferred device: Apple M3 Max (high power)
Metal devices available: 1
0: Apple M3 Max (high power)
Using device Apple M3 Max (high power)
Initializing Metal device caps: Apple M3 Max
Mac GPU Family: 2
Apple GPU Family: 9
MSL Version: 3.0
Has Float MSAA: 1
Has Float Filtering: 1
ReadWrite Texture Tier: 2
Begin MonoManager ReloadAssembly
- Loaded All Assemblies, in  0.093 seconds
- Finished resetting the current domain, in  0.001 seconds
[Physics::Module] Selected backend.
[Physics::Module] Name: PhysX
[Physics::Module] Id: 0xf2b8ea05
[Physics::Module] SDK Version: 4.1.2
[Physics::Module] Integration Version: 1.0.0
[Physics::Module] Threading Mode: Multi-Threaded
Metal RecreateSurface[0xb09cc0fc0]: surface size 3024x1898
UnloadTime: 0.606375 ms
Unloading 6 Unused Serialized files (Serialized files now loaded: 0)
UnloadTime: 3.751917 ms
[SmokeCoop] pos=(0.00, 0.00, 4.00) wp=0/111 hull=5 vel=0.0
Unloading 7 unused Assets to reduce memory usage. Loaded Objects now: 6198.
Total: 1.389333 ms (FindLiveObjects: 0.137917 ms CreateObjectMapping: 0.030958 ms MarkObjects: 1.206917 ms  DeleteObjects: 0.013500 ms)

[SmokeCoop] pos=(6.19, 0.09, 170.18) wp=30/111 hull=3 vel=5.6
[SmokeCoop] pos=(28.82, 0.09, 382.42) wp=60/111 hull=0 vel=1.1
[SmokeCoop] pos=(3.80, 0.03, 530.83) wp=79/111 hull=5 vel=0.0
[SmokeCoop] pos=(5.50, 0.09, 525.99) wp=80/111 hull=5 vel=4.3
[SmokeCoop] pos=(3.97, 0.07, 530.33) wp=80/111 hull=5 vel=2.0
[SmokeCoop] pos=(6.79, 0.08, 527.04) wp=80/111 hull=5 vel=4.2
[SmokeCoop] pos=(9.53, 0.08, 526.81) wp=80/111 hull=5 vel=4.4
[SmokeCoop] pos=(2.08, 0.07, 526.49) wp=80/111 hull=5 vel=4.5
[SmokeCoop] result written to /Users/vraiuk/Library/Application Support/DriftTogether/Drift Together/smoke_result.json: {
  "success": true,
  "mode": "coop",
  "elapsedGameSeconds": 653.7,
  "route": "NoisyStream",
  "raftCollisions": 7,
  "hullAtFinish": 3,
  "realSeconds": 131.4
}
Thread 0x172007000 may have been prematurely finalized
[Physics::Module] Cleanup current backend.
[Physics::Module] Id: 0xf2b8ea05
Input System module state changed to: ShutdownInProgress.
Input System polling thread exited.
Input System module state changed to: Shutdown.
Thread 0x1708c3000 may have been prematurely finalized
Thread 0x1707ab000 may have been prematurely finalized
Thread 0x1709db000 may have been prematurely finalized
Thread 0x17094f000 may have been prematurely finalized
Thread 0x170837000 may have been prematurely finalized
