Mono path[0] = '/Users/vraiuk/WebstormProjects/drift-together/Builds/macOS/DriftTogether.app/Contents/Resources/Data/Managed'
Mono config path = '/Users/vraiuk/WebstormProjects/drift-together/Builds/macOS/DriftTogether.app/Contents/MonoBleedingEdge/etc'
Input System module state changed to: Initialized.
[Physics::Module] Initialized fallback backend.
[Physics::Module] Id: 0xdecafbad
Initialize engine version: 6000.3.20f1 (c9ba695d4f07)
[Subsystems] Discovering subsystems at path /Users/vraiuk/WebstormProjects/drift-together/Builds/macOS/DriftTogether.app/Contents/Resources/Data/UnitySubsystems
GfxDevice: creating device client; kGfxThreadingModeThreaded
 preferred device: Apple M3 Max (high power)
Metal devices available: 1
0: Apple M3 Max (high power)
Using device Apple M3 Max (high power)
Initializing Metal device caps: Apple M3 Max
Mac GPU Family: 2
Apple GPU Family: 9
MSL Version: 3.0
Has Float MSAA: 1
Has Float Filtering: 1
ReadWrite Texture Tier: 2
Begin MonoManager ReloadAssembly
- Loaded All Assemblies, in  0.152 seconds
- Finished resetting the current domain, in  0.002 seconds
[Physics::Module] Selected backend.
[Physics::Module] Name: PhysX
[Physics::Module] Id: 0xf2b8ea05
[Physics::Module] SDK Version: 4.1.2
[Physics::Module] Integration Version: 1.0.0
[Physics::Module] Threading Mode: Multi-Threaded
Metal RecreateSurface[0xa011718c0]: surface size 3024x1898
UnloadTime: 0.926958 ms
Unloading 6 Unused Serialized files (Serialized files now loaded: 0)
UnloadTime: 3.287208 ms
NetworkVariable is written to, but doesn't know its NetworkBehaviour yet. Are you modifying a NetworkVariable before the NetworkObject is spawned?
NetworkVariable is written to, but doesn't know its NetworkBehaviour yet. Are you modifying a NetworkVariable before the NetworkObject is spawned?
NetworkVariable is written to, but doesn't know its NetworkBehaviour yet. Are you modifying a NetworkVariable before the NetworkObject is spawned?
NetworkVariable is written to, but doesn't know its NetworkBehaviour yet. Are you modifying a NetworkVariable before the NetworkObject is spawned?
NetworkVariable is written to, but doesn't know its NetworkBehaviour yet. Are you modifying a NetworkVariable before the NetworkObject is spawned?
[SmokeCoop] pos=(0.00, 0.02, 4.00) wp=0/111 hull=5 vel=0.0
Unloading 15 unused Assets to reduce memory usage. Loaded Objects now: 6482.
Total: 1.574708 ms (FindLiveObjects: 0.177208 ms CreateObjectMapping: 0.045917 ms MarkObjects: 1.333083 ms  DeleteObjects: 0.018500 ms)

[SmokeCoop] pos=(7.57, 0.04, 188.31) wp=33/111 hull=3 vel=5.6
[SmokeCoop] pos=(24.17, 0.09, 380.82) wp=59/111 hull=0 vel=1.6
[SmokeCoop] pos=(5.10, 0.10, 529.32) wp=79/111 hull=5 vel=3.8
[SmokeCoop] pos=(5.44, 0.03, 530.70) wp=79/111 hull=5 vel=0.0
[SmokeCoop] pos=(3.32, 0.15, 531.09) wp=79/111 hull=5 vel=0.3
[SmokeCoop] pos=(1.09, 0.19, 535.68) wp=80/111 hull=5 vel=2.5
[SmokeCoop] result written to /Users/vraiuk/Library/Application Support/DriftTogether/Drift Together/smoke_result.json: {
  "success": true,
  "mode": "coop",
  "elapsedGameSeconds": 497.7,
  "route": "NoisyStream",
  "raftCollisions": 7,
  "hullAtFinish": 3,
  "realSeconds": 99.9
}
Thread 0x16fd83000 may have been prematurely finalized
[Physics::Module] Cleanup current backend.
[Physics::Module] Id: 0xf2b8ea05
Input System module state changed to: ShutdownInProgress.
Input System polling thread exited.
Input System module state changed to: Shutdown.
Thread 0x16e527000 may have been prematurely finalized
Thread 0x16e5b3000 may have been prematurely finalized
Thread 0x16e63f000 may have been prematurely finalized
Thread 0x16e6cb000 may have been prematurely finalized
