Mono path[0] = '/Users/vraiuk/WebstormProjects/drift-together/Builds/macOS/DriftTogether.app/Contents/Resources/Data/Managed'
Mono config path = '/Users/vraiuk/WebstormProjects/drift-together/Builds/macOS/DriftTogether.app/Contents/MonoBleedingEdge/etc'
Input System module state changed to: Initialized.
[Physics::Module] Initialized fallback backend.
[Physics::Module] Id: 0xdecafbad
Initialize engine version: 6000.3.20f1 (c9ba695d4f07)
[Subsystems] Discovering subsystems at path /Users/vraiuk/WebstormProjects/drift-together/Builds/macOS/DriftTogether.app/Contents/Resources/Data/UnitySubsystems
GfxDevice: creating device client; kGfxThreadingModeThreaded
 preferred device: Apple M3 Max (high power)
Metal devices available: 1
0: Apple M3 Max (high power)
Using device Apple M3 Max (high power)
Initializing Metal device caps: Apple M3 Max
Mac GPU Family: 2
Apple GPU Family: 9
MSL Version: 3.0
Has Float MSAA: 1
Has Float Filtering: 1
ReadWrite Texture Tier: 2
Begin MonoManager ReloadAssembly
- Loaded All Assemblies, in  0.155 seconds
- Finished resetting the current domain, in  0.002 seconds
[Physics::Module] Selected backend.
[Physics::Module] Name: PhysX
[Physics::Module] Id: 0xf2b8ea05
[Physics::Module] SDK Version: 4.1.2
[Physics::Module] Integration Version: 1.0.0
[Physics::Module] Threading Mode: Multi-Threaded
Metal RecreateSurface[0x810c5d380]: surface size 3024x1898
UnloadTime: 0.873583 ms
Unloading 6 Unused Serialized files (Serialized files now loaded: 0)
UnloadTime: 2.567584 ms
NetworkVariable is written to, but doesn't know its NetworkBehaviour yet. Are you modifying a NetworkVariable before the NetworkObject is spawned?
NetworkVariable is written to, but doesn't know its NetworkBehaviour yet. Are you modifying a NetworkVariable before the NetworkObject is spawned?
NetworkVariable is written to, but doesn't know its NetworkBehaviour yet. Are you modifying a NetworkVariable before the NetworkObject is spawned?
NetworkVariable is written to, but doesn't know its NetworkBehaviour yet. Are you modifying a NetworkVariable before the NetworkObject is spawned?
NetworkVariable is written to, but doesn't know its NetworkBehaviour yet. Are you modifying a NetworkVariable before the NetworkObject is spawned?
[SmokeCoop] pos=(0.00, 0.00, 4.00) wp=0/138 hull=5 vel=0.0
Unloading 15 unused Assets to reduce memory usage. Loaded Objects now: 7171.
Total: 1.338375 ms (FindLiveObjects: 0.164916 ms CreateObjectMapping: 0.041750 ms MarkObjects: 1.111959 ms  DeleteObjects: 0.019709 ms)

[SmokeCoop] pos=(7.91, 0.12, 181.64) wp=32/138 hull=2 vel=5.6
[SmokeCoop] pos=(20.74, 0.04, 378.47) wp=59/138 hull=0 vel=2.4
[SmokeCoop] pos=(4.93, 0.06, 530.70) wp=79/138 hull=5 vel=0.0
[SmokeCoop] pos=(3.82, 0.06, 530.83) wp=79/138 hull=5 vel=0.0
[SmokeCoop] pos=(4.47, 0.14, 530.70) wp=79/138 hull=5 vel=0.0
[SmokeCoop] pos=(3.18, 0.13, 530.99) wp=79/138 hull=5 vel=1.4
[SmokeCoop] pos=(0.92, 0.09, 819.26) wp=121/138 hull=3 vel=5.6
[SmokeCoop] result written to /Users/vraiuk/Library/Application Support/DriftTogether/Drift Together/smoke_result.json: {
  "success": true,
  "mode": "coop",
  "elapsedGameSeconds": 546.5,
  "route": "NoisyStream",
  "raftCollisions": 7,
  "hullAtFinish": 1,
  "realSeconds": 119.0
}
Thread 0x1720fb000 may have been prematurely finalized
[Physics::Module] Cleanup current backend.
[Physics::Module] Id: 0xf2b8ea05
Input System module state changed to: ShutdownInProgress.
Input System polling thread exited.
Input System module state changed to: Shutdown.
Thread 0x17089f000 may have been prematurely finalized
Thread 0x170813000 may have been prematurely finalized
Thread 0x170a43000 may have been prematurely finalized
Thread 0x1709b7000 may have been prematurely finalized
Thread 0x17092b000 may have been prematurely finalized
